# JRE version: OpenJDK Runtime Environment Temurin-11.0.16.1+1 (11.0.16.1+1) (build 11.0.16.1+1)
# Java VM: OpenJDK 64-Bit Server VM Temurin-11.0.16.1+1 (11.0.16.1+1, mixed mode, tiered, compressed oops, g1 gc, windows-amd64)
Heap:
 garbage-first heap   total 262144K, used 131895K [0x00000000e0000000, 0x0000000100000000)
  region size 1024K, 113 young (115712K), 9 survivors (9216K)
 Metaspace       used 45512K, capacity 46544K, committed 46800K, reserved 294912K
  class space    used 5789K, capacity 6181K, committed 6220K, reserved 253952K
GC Heap History (12 events):
Event: 1.002 GC heap before
{Heap before GC invocations=0 (full 0):
 garbage-first heap   total 262144K, used 27648K [0x00000000e0000000, 0x0000000100000000)
  region size 1024K, 22 young (22528K), 0 survivors (0K)
 Metaspace       used 9797K, capacity 10067K, committed 10368K, reserved 264192K
  class space    used 970K, capacity 1042K, committed 1152K, reserved 253952K
}
Event: 1.012 GC heap after
{Heap after GC invocations=1 (full 0):
 garbage-first heap   total 262144K, used 9448K [0x00000000e0000000, 0x0000000100000000)
  region size 1024K, 3 young (3072K), 3 survivors (3072K)
 Metaspace       used 9797K, capacity 10067K, committed 10368K, reserved 264192K
  class space    used 970K, capacity 1042K, committed 1152K, reserved 253952K
}
Event: 1.285 GC heap before
{Heap before GC invocations=1 (full 0):
 garbage-first heap   total 262144K, used 18664K [0x00000000e0000000, 0x0000000100000000)
  region size 1024K, 12 young (12288K), 3 survivors (3072K)
 Metaspace       used 11005K, capacity 11279K, committed 11520K, reserved 264192K
  class space    used 1134K, capacity 1212K, committed 1280K, reserved 253952K
}
Event: 1.292 GC heap after
{Heap after GC invocations=2 (full 0):
 garbage-first heap   total 262144K, used 10312K [0x00000000e0000000, 0x0000000100000000)
  region size 1024K, 1 young (1024K), 1 survivors (1024K)
 Metaspace       used 11005K, capacity 11279K, committed 11520K, reserved 264192K
  class space    used 1134K, capacity 1212K, committed 1280K, reserved 253952K
}
Event: 1.966 GC heap before
{Heap before GC invocations=2 (full 0):
 garbage-first heap   total 262144K, used 50248K [0x00000000e0000000, 0x0000000100000000)
  region size 1024K, 39 young (39936K), 1 survivors (1024K)
 Metaspace       used 11693K, capacity 12011K, committed 12160K, reserved 266240K
  class space    used 1249K, capacity 1349K, committed 1408K, reserved 253952K
}
Event: 1.971 GC heap after
{Heap after GC invocations=3 (full 0):
 garbage-first heap   total 262144K, used 15059K [0x00000000e0000000, 0x0000000100000000)
  region size 1024K, 5 young (5120K), 5 survivors (5120K)
 Metaspace       used 11693K, capacity 12011K, committed 12160K, reserved 266240K
  class space    used 1249K, capacity 1349K, committed 1408K, reserved 253952K
}
Event: 3.512 GC heap before
{Heap before GC invocations=3 (full 0):
 garbage-first heap   total 262144K, used 68307K [0x00000000e0000000, 0x0000000100000000)
  region size 1024K, 58 young (59392K), 5 survivors (5120K)
 Metaspace       used 20796K, capacity 21250K, committed 21296K, reserved 274432K
  class space    used 2522K, capacity 2686K, committed 2688K, reserved 253952K
}
Event: 3.526 GC heap after
{Heap after GC invocations=4 (full 0):
 garbage-first heap   total 262144K, used 17727K [0x00000000e0000000, 0x0000000100000000)
  region size 1024K, 3 young (3072K), 3 survivors (3072K)
 Metaspace       used 20796K, capacity 21250K, committed 21296K, reserved 274432K
  class space    used 2522K, capacity 2686K, committed 2688K, reserved 253952K
}
Event: 4.745 GC heap before
{Heap before GC invocations=5 (full 0):
 garbage-first heap   total 262144K, used 91455K [0x00000000e0000000, 0x0000000100000000)
  region size 1024K, 75 young (76800K), 3 survivors (3072K)
 Metaspace       used 28076K, capacity 28731K, committed 29052K, reserved 280576K
  class space    used 3686K, capacity 3918K, committed 4044K, reserved 253952K
}
Event: 4.756 GC heap after
{Heap after GC invocations=6 (full 0):
 garbage-first heap   total 262144K, used 20231K [0x00000000e0000000, 0x0000000100000000)
  region size 1024K, 6 young (6144K), 6 survivors (6144K)
 Metaspace       used 28076K, capacity 28731K, committed 29052K, reserved 280576K
  class space    used 3686K, capacity 3918K, committed 4044K, reserved 253952K
}
Event: 5.861 GC heap before
{Heap before GC invocations=6 (full 0):
 garbage-first heap   total 262144K, used 68359K [0x00000000e0000000, 0x0000000100000000)
  region size 1024K, 54 young (55296K), 6 survivors (6144K)
 Metaspace       used 35137K, capacity 36007K, committed 36048K, reserved 286720K
  class space    used 4563K, capacity 4920K, committed 4940K, reserved 253952K
}
Event: 5.881 GC heap after
{Heap after GC invocations=7 (full 0):
 garbage-first heap   total 262144K, used 23351K [0x00000000e0000000, 0x0000000100000000)
  region size 1024K, 9 young (9216K), 9 survivors (9216K)
 Metaspace       used 35137K, capacity 36007K, committed 36048K, reserved 286720K
  class space    used 4563K, capacity 4920K, committed 4940K, reserved 253952K
}

