# JRE version: OpenJDK Runtime Environment Temurin-11.0.16.1+1 (11.0.16.1+1) (build 11.0.16.1+1)
# Java VM: OpenJDK 64-Bit Server VM Temurin-11.0.16.1+1 (11.0.16.1+1, mixed mode, tiered, compressed oops, g1 gc, windows-amd64)
Heap:
 garbage-first heap   total 131072K, used 50589K [0x00000000e0000000, 0x0000000100000000)
  region size 1024K, 19 young (19456K), 6 survivors (6144K)
 Metaspace       used 74196K, capacity 76612K, committed 76836K, reserved 1116160K
  class space    used 9589K, capacity 10574K, committed 10624K, reserved 1048576K
GC Heap History (20 events):
Event: 4.808 GC heap before
{Heap before GC invocations=7 (full 0):
 garbage-first heap   total 131072K, used 25568K [0x00000000e0000000, 0x0000000100000000)
  region size 1024K, 18 young (18432K), 7 survivors (7168K)
 Metaspace       used 34384K, capacity 35494K, committed 35584K, reserved 1081344K
  class space    used 4069K, capacity 4522K, committed 4608K, reserved 1048576K
}
Event: 4.819 GC heap after
{Heap after GC invocations=8 (full 0):
 garbage-first heap   total 131072K, used 15318K [0x00000000e0000000, 0x0000000100000000)
  region size 1024K, 5 young (5120K), 5 survivors (5120K)
 Metaspace       used 34384K, capacity 35494K, committed 35584K, reserved 1081344K
  class space    used 4069K, capacity 4522K, committed 4608K, reserved 1048576K
}
Event: 6.119 GC heap before
{Heap before GC invocations=9 (full 0):
 garbage-first heap   total 131072K, used 86998K [0x00000000e0000000, 0x0000000100000000)
  region size 1024K, 75 young (76800K), 5 survivors (5120K)
 Metaspace       used 40002K, capacity 41395K, committed 41600K, reserved 1085440K
  class space    used 4832K, capacity 5406K, committed 5504K, reserved 1048576K
}
Event: 6.132 GC heap after
{Heap after GC invocations=10 (full 0):
 garbage-first heap   total 131072K, used 18486K [0x00000000e0000000, 0x0000000100000000)
  region size 1024K, 8 young (8192K), 8 survivors (8192K)
 Metaspace       used 40002K, capacity 41395K, committed 41600K, reserved 1085440K
  class space    used 4832K, capacity 5406K, committed 5504K, reserved 1048576K
}
Event: 7.832 GC heap before
{Heap before GC invocations=10 (full 0):
 garbage-first heap   total 131072K, used 88118K [0x00000000e0000000, 0x0000000100000000)
  region size 1024K, 76 young (77824K), 8 survivors (8192K)
 Metaspace       used 48752K, capacity 50186K, committed 50304K, reserved 1093632K
  class space    used 6114K, capacity 6711K, committed 6784K, reserved 1048576K
}
Event: 7.843 GC heap after
{Heap after GC invocations=11 (full 0):
 garbage-first heap   total 131072K, used 20689K [0x00000000e0000000, 0x0000000100000000)
  region size 1024K, 7 young (7168K), 7 survivors (7168K)
 Metaspace       used 48752K, capacity 50186K, committed 50304K, reserved 1093632K
  class space    used 6114K, capacity 6711K, committed 6784K, reserved 1048576K
}
Event: 9.145 GC heap before
{Heap before GC invocations=11 (full 0):
 garbage-first heap   total 131072K, used 91345K [0x00000000e0000000, 0x0000000100000000)
  region size 1024K, 76 young (77824K), 7 survivors (7168K)
 Metaspace       used 56795K, capacity 58309K, committed 58624K, reserved 1099776K
  class space    used 7261K, capacity 7854K, committed 7936K, reserved 1048576K
}
Event: 9.157 GC heap after
{Heap after GC invocations=12 (full 0):
 garbage-first heap   total 131072K, used 23335K [0x00000000e0000000, 0x0000000100000000)
  region size 1024K, 5 young (5120K), 5 survivors (5120K)
 Metaspace       used 56795K, capacity 58309K, committed 58624K, reserved 1099776K
  class space    used 7261K, capacity 7854K, committed 7936K, reserved 1048576K
}
Event: 9.809 GC heap before
{Heap before GC invocations=12 (full 0):
 garbage-first heap   total 131072K, used 39719K [0x00000000e0000000, 0x0000000100000000)
  region size 1024K, 22 young (22528K), 5 survivors (5120K)
 Metaspace       used 58240K, capacity 59708K, committed 59736K, reserved 1101824K
  class space    used 7449K, capacity 8064K, committed 8064K, reserved 1048576K
}
Event: 9.816 GC heap after
{Heap after GC invocations=13 (full 0):
 garbage-first heap   total 131072K, used 23441K [0x00000000e0000000, 0x0000000100000000)
  region size 1024K, 5 young (5120K), 5 survivors (5120K)
 Metaspace       used 58240K, capacity 59708K, committed 59736K, reserved 1101824K
  class space    used 7449K, capacity 8064K, committed 8064K, reserved 1048576K
}
Event: 10.816 GC heap before
{Heap before GC invocations=14 (full 0):
 garbage-first heap   total 131072K, used 96145K [0x00000000e0000000, 0x0000000100000000)
  region size 1024K, 76 young (77824K), 5 survivors (5120K)
 Metaspace       used 62544K, capacity 64319K, committed 64548K, reserved 1105920K
  class space    used 8021K, capacity 8740K, committed 8832K, reserved 1048576K
}
Event: 10.825 GC heap after
{Heap after GC invocations=15 (full 0):
 garbage-first heap   total 131072K, used 26350K [0x00000000e0000000, 0x0000000100000000)
  region size 1024K, 8 young (8192K), 8 survivors (8192K)
 Metaspace       used 62544K, capacity 64319K, committed 64548K, reserved 1105920K
  class space    used 8021K, capacity 8740K, committed 8832K, reserved 1048576K
}
Event: 11.598 GC heap before
{Heap before GC invocations=15 (full 0):
 garbage-first heap   total 131072K, used 95982K [0x00000000e0000000, 0x0000000100000000)
  region size 1024K, 76 young (77824K), 8 survivors (8192K)
 Metaspace       used 65368K, capacity 67260K, committed 67492K, reserved 1107968K
  class space    used 8424K, capacity 9209K, committed 9216K, reserved 1048576K
}
Event: 11.609 GC heap after
{Heap after GC invocations=16 (full 0):
 garbage-first heap   total 131072K, used 29145K [0x00000000e0000000, 0x0000000100000000)
  region size 1024K, 7 young (7168K), 7 survivors (7168K)
 Metaspace       used 65368K, capacity 67260K, committed 67492K, reserved 1107968K
  class space    used 8424K, capacity 9209K, committed 9216K, reserved 1048576K
}
Event: 12.339 GC heap before
{Heap before GC invocations=16 (full 0):
 garbage-first heap   total 131072K, used 99801K [0x00000000e0000000, 0x0000000100000000)
  region size 1024K, 76 young (77824K), 7 survivors (7168K)
 Metaspace       used 67288K, capacity 69462K, committed 69796K, reserved 1110016K
  class space    used 8729K, capacity 9626K, committed 9728K, reserved 1048576K
}
Event: 12.352 GC heap after
{Heap after GC invocations=17 (full 0):
 garbage-first heap   total 131072K, used 33815K [0x00000000e0000000, 0x0000000100000000)
  region size 1024K, 8 young (8192K), 8 survivors (8192K)
 Metaspace       used 67288K, capacity 69462K, committed 69796K, reserved 1110016K
  class space    used 8729K, capacity 9626K, committed 9728K, reserved 1048576K
}
Event: 13.121 GC heap before
{Heap before GC invocations=17 (full 0):
 garbage-first heap   total 131072K, used 102423K [0x00000000e0000000, 0x0000000100000000)
  region size 1024K, 75 young (76800K), 8 survivors (8192K)
 Metaspace       used 69594K, capacity 71838K, committed 72100K, reserved 1112064K
  class space    used 9018K, capacity 9941K, committed 9984K, reserved 1048576K
}
Event: 13.133 GC heap after
{Heap after GC invocations=18 (full 0):
 garbage-first heap   total 131072K, used 36932K [0x00000000e0000000, 0x0000000100000000)
  region size 1024K, 8 young (8192K), 8 survivors (8192K)
 Metaspace       used 69594K, capacity 71838K, committed 72100K, reserved 1112064K
  class space    used 9018K, capacity 9941K, committed 9984K, reserved 1048576K
}
Event: 14.280 GC heap before
{Heap before GC invocations=18 (full 0):
 garbage-first heap   total 131072K, used 104516K [0x00000000e0000000, 0x0000000100000000)
  region size 1024K, 74 young (75776K), 8 survivors (8192K)
 Metaspace       used 74157K, capacity 76605K, committed 76836K, reserved 1116160K
  class space    used 9588K, capacity 10572K, committed 10624K, reserved 1048576K
}
Event: 14.292 GC heap after
{Heap after GC invocations=19 (full 0):
 garbage-first heap   total 131072K, used 38301K [0x00000000e0000000, 0x0000000100000000)
  region size 1024K, 6 young (6144K), 6 survivors (6144K)
 Metaspace       used 74157K, capacity 76605K, committed 76836K, reserved 1116160K
  class space    used 9588K, capacity 10572K, committed 10624K, reserved 1048576K
}

