# JRE version: OpenJDK Runtime Environment Temurin-11.0.16.1+1 (11.0.16.1+1) (build 11.0.16.1+1)
# Java VM: OpenJDK 64-Bit Server VM Temurin-11.0.16.1+1 (11.0.16.1+1, mixed mode, tiered, compressed oops, g1 gc, windows-amd64)
Heap:
 garbage-first heap   total 131072K, used 39460K [0x00000000e0000000, 0x0000000100000000)
  region size 1024K, 31 young (31744K), 2 survivors (2048K)
 Metaspace       used 24099K, capacity 25053K, committed 25344K, reserved 1071104K
  class space    used 2852K, capacity 3215K, committed 3328K, reserved 1048576K
GC Heap History (8 events):
Event: 1.320 GC heap before
{Heap before GC invocations=0 (full 0):
 garbage-first heap   total 131072K, used 23552K [0x00000000e0000000, 0x0000000100000000)
  region size 1024K, 22 young (22528K), 0 survivors (0K)
 Metaspace       used 12807K, capacity 13104K, committed 13312K, reserved 1060864K
  class space    used 1327K, capacity 1420K, committed 1536K, reserved 1048576K
}
Event: 1.330 GC heap after
{Heap after GC invocations=1 (full 0):
 garbage-first heap   total 131072K, used 9030K [0x00000000e0000000, 0x0000000100000000)
  region size 1024K, 3 young (3072K), 3 survivors (3072K)
 Metaspace       used 12807K, capacity 13104K, committed 13312K, reserved 1060864K
  class space    used 1327K, capacity 1420K, committed 1536K, reserved 1048576K
}
Event: 1.598 GC heap before
{Heap before GC invocations=1 (full 0):
 garbage-first heap   total 131072K, used 18246K [0x00000000e0000000, 0x0000000100000000)
  region size 1024K, 12 young (12288K), 3 survivors (3072K)
 Metaspace       used 14300K, capacity 14729K, committed 15104K, reserved 1062912K
  class space    used 1520K, capacity 1671K, committed 1792K, reserved 1048576K
}
Event: 1.603 GC heap after
{Heap after GC invocations=2 (full 0):
 garbage-first heap   total 131072K, used 9476K [0x00000000e0000000, 0x0000000100000000)
  region size 1024K, 1 young (1024K), 1 survivors (1024K)
 Metaspace       used 14300K, capacity 14729K, committed 15104K, reserved 1062912K
  class space    used 1520K, capacity 1671K, committed 1792K, reserved 1048576K
}
Event: 2.434 GC heap before
{Heap before GC invocations=2 (full 0):
 garbage-first heap   total 131072K, used 46340K [0x00000000e0000000, 0x0000000100000000)
  region size 1024K, 37 young (37888K), 1 survivors (1024K)
 Metaspace       used 19399K, capacity 20049K, committed 20224K, reserved 1067008K
  class space    used 2184K, capacity 2454K, committed 2560K, reserved 1048576K
}
Event: 2.437 GC heap after
{Heap after GC invocations=3 (full 0):
 garbage-first heap   total 131072K, used 10566K [0x00000000e0000000, 0x0000000100000000)
  region size 1024K, 2 young (2048K), 2 survivors (2048K)
 Metaspace       used 19399K, capacity 20049K, committed 20224K, reserved 1067008K
  class space    used 2184K, capacity 2454K, committed 2560K, reserved 1048576K
}
Event: 2.553 GC heap before
{Heap before GC invocations=3 (full 0):
 garbage-first heap   total 131072K, used 14662K [0x00000000e0000000, 0x0000000100000000)
  region size 1024K, 7 young (7168K), 2 survivors (2048K)
 Metaspace       used 20507K, capacity 21181K, committed 21248K, reserved 1069056K
  class space    used 2295K, capacity 2555K, committed 2560K, reserved 1048576K
}
Event: 2.556 GC heap after
{Heap after GC invocations=4 (full 0):
 garbage-first heap   total 131072K, used 10788K [0x00000000e0000000, 0x0000000100000000)
  region size 1024K, 2 young (2048K), 2 survivors (2048K)
 Metaspace       used 20507K, capacity 21181K, committed 21248K, reserved 1069056K
  class space    used 2295K, capacity 2555K, committed 2560K, reserved 1048576K
}

